<?xml version="1.0" encoding="UTF-8"?>
<testsuite name="io.grpc.transport.AbstractReadableBufferTest" tests="4" skipped="0" failures="0" errors="0" timestamp="2015-03-22T19:14:29" hostname="xek" time="0.01">
  <properties/>
  <testcase name="readNegativeIntShouldSucceed" classname="io.grpc.transport.AbstractReadableBufferTest" time="0.007"/>
  <testcase name="readUnsignedShortShouldSucceed" classname="io.grpc.transport.AbstractReadableBufferTest" time="0.001"/>
  <testcase name="readUnsignedMediumShouldSucceed" classname="io.grpc.transport.AbstractReadableBufferTest" time="0.001"/>
  <testcase name="readPositiveIntShouldSucceed" classname="io.grpc.transport.AbstractReadableBufferTest" time="0.0"/>
  <system-out><![CDATA[]]></system-out>
  <system-err><![CDATA[]]></system-err>
</testsuite>
